f:\programme\yacc\yacc\debug\vc141.pdb
f:\programme\yacc\yacc\debug\vc141.idb
f:\programme\yacc\yacc\debug\yacc.obj
f:\programme\yacc\yacc\debug\item.obj
f:\programme\yacc\yacc\debug\unit.obj
f:\programme\yacc\yacc\debug\grammar.obj
f:\programme\yacc\yacc\debug\status.obj
f:\programme\yacc\yacc\debug\generate.obj
f:\programme\yacc\yacc\debug\parse.obj
f:\programme\yacc\yacc\debug\yacc_parse.obj
f:\programme\yacc\yacc\debug\lalr.obj
f:\programme\yacc\yacc\debug\main.obj
f:\programme\yacc\yacc\debug\produce.obj
f:\programme\yacc\yacc\debug\yacc_worddfa.obj
f:\programme\yacc\yacc\debug\yacc_word.obj
f:\programme\yacc\yacc\debug\yacc_parseinit.obj
f:\programme\yacc\debug\yacc.ilk
f:\programme\yacc\debug\yacc.exe
f:\programme\yacc\debug\yacc.pdb
f:\programme\yacc\yacc\debug\yacc.obj.enc
f:\programme\yacc\yacc\debug\yacc.tlog\cl.command.1.tlog
f:\programme\yacc\yacc\debug\yacc.tlog\cl.read.1.tlog
f:\programme\yacc\yacc\debug\yacc.tlog\cl.write.1.tlog
f:\programme\yacc\yacc\debug\yacc.tlog\link-cvtres.read.1.tlog
f:\programme\yacc\yacc\debug\yacc.tlog\link-cvtres.write.1.tlog
f:\programme\yacc\yacc\debug\yacc.tlog\link-rc.read.1.tlog
f:\programme\yacc\yacc\debug\yacc.tlog\link-rc.write.1.tlog
f:\programme\yacc\yacc\debug\yacc.tlog\link.7664-cvtres.read.1.tlog
f:\programme\yacc\yacc\debug\yacc.tlog\link.7664-cvtres.write.1.tlog
f:\programme\yacc\yacc\debug\yacc.tlog\link.7664-rc.read.1.tlog
f:\programme\yacc\yacc\debug\yacc.tlog\link.7664-rc.write.1.tlog
f:\programme\yacc\yacc\debug\yacc.tlog\link.7664.read.1.tlog
f:\programme\yacc\yacc\debug\yacc.tlog\link.7664.write.1.tlog
f:\programme\yacc\yacc\debug\yacc.tlog\link.command.1.tlog
f:\programme\yacc\yacc\debug\yacc.tlog\link.read.1.tlog
f:\programme\yacc\yacc\debug\yacc.tlog\link.write.1.tlog
